<?xml version="1.0" encoding="utf-8"?><testsuites name="pytest tests"><testsuite name="pytest" errors="0" failures="0" skipped="1" tests="31" time="6.449" timestamp="2026-06-12T01:53:47.453898+00:00" hostname="agent-env-897220b0-93e2-4d84-9a2e-7c8e48c986d9"><testcase classname="tests.test_campaigns" name="test_auth_login_payload" time="0.548" /><testcase classname="tests.test_campaigns" name="test_auth_me" time="0.517" /><testcase classname="tests.test_campaigns" name="test_dashboard_stats" time="0.171" /><testcase classname="tests.test_campaigns" name="test_regression_lists[/leads]" time="0.142" /><testcase classname="tests.test_campaigns" name="test_regression_lists[/tasks]" time="0.105" /><testcase classname="tests.test_campaigns" name="test_regression_lists[/calls]" time="0.110" /><testcase classname="tests.test_campaigns" name="test_regression_lists[/whatsapp/conversations]" time="0.142" /><testcase classname="tests.test_campaigns" name="test_regression_lists[/products]" time="0.110" /><testcase classname="tests.test_campaigns" name="test_regression_lists[/appointments]" time="0.124" /><testcase classname="tests.test_campaigns" name="test_regression_lists[/quotations]" time="0.109" /><testcase classname="tests.test_campaigns" name="test_regression_lists[/ai-logs]" time="0.105" /><testcase classname="tests.test_campaigns" name="test_regression_lists[/users]" time="0.101" /><testcase classname="tests.test_campaigns" name="test_settings_calling_get" time="0.097" /><testcase classname="tests.test_campaigns" name="test_settings_calling_put_24x7" time="0.101" /><testcase classname="tests.test_campaigns" name="test_settings_provider" time="0.099" /><testcase classname="tests.test_campaigns" name="test_campaign_preview" time="0.106" /><testcase classname="tests.test_campaigns" name="test_campaign_list_contains" time="0.247" /><testcase classname="tests.test_campaigns" name="test_campaign_get" time="0.105" /><testcase classname="tests.test_campaigns" name="test_campaign_patch" time="0.121" /><testcase classname="tests.test_campaigns" name="test_campaign_csv_upload" time="0.117" /><testcase classname="tests.test_campaigns" name="test_campaign_launch_pause_resume" time="0.390" /><testcase classname="tests.test_campaigns" name="test_campaign_tick_resolves_targets" time="0.768" /><testcase classname="tests.test_campaigns" name="test_campaign_targets_list_after_tick" time="0.103" /><testcase classname="tests.test_campaigns" name="test_campaign_analytics_shape" time="0.120" /><testcase classname="tests.test_campaigns" name="test_automations_lead_status_and_task" time="0.309" /><testcase classname="tests.test_campaigns" name="test_legacy_calls_includes_campaign" time="0.114" /><testcase classname="tests.test_campaigns" name="test_sales_cannot_create_campaign" time="0.433" /><testcase classname="tests.test_campaigns" name="test_sales_cannot_update_settings" time="0.110" /><testcase classname="tests.test_campaigns" name="test_sales_cannot_tick" time="0.198" /><testcase classname="tests.test_campaigns" name="test_launch_with_zero_pending_400" time="0.314" /><testcase classname="tests.test_campaigns" name="test_cancel_existing_campaign" time="0.206"><skipped type="pytest.skip" message="no cancel target">/app/backend/tests/test_campaigns.py:366: no cancel target</skipped></testcase></testsuite></testsuites>