<?xml version="1.0" encoding="utf-8"?><testsuites name="pytest tests"><testsuite name="pytest" errors="0" failures="0" skipped="0" tests="21" time="3.923" timestamp="2026-06-12T01:17:23.404420+00:00" hostname="agent-env-468c274e-556e-488e-9210-714e695ab57c"><testcase classname="tests.test_iteration2" name="test_regression_health" time="0.338" /><testcase classname="tests.test_iteration2" name="test_regression_leads_shape" time="0.473" /><testcase classname="tests.test_iteration2" name="test_regression_whatsapp_conversations" time="0.148" /><testcase classname="tests.test_iteration2" name="test_regression_whatsapp_thread_route_still_works" time="0.096" /><testcase classname="tests.test_iteration2" name="test_regression_dashboard" time="0.120" /><testcase classname="tests.test_iteration2" name="test_calls_schema_has_new_fields" time="0.103" /><testcase classname="tests.test_iteration2" name="test_ai_status_all_false_initially" time="0.097" /><testcase classname="tests.test_iteration2" name="test_ai_whatsapp_reply_503" time="0.150" /><testcase classname="tests.test_iteration2" name="test_ai_call_insights_503" time="0.276" /><testcase classname="tests.test_iteration2" name="test_ai_call_script_503" time="0.121" /><testcase classname="tests.test_iteration2" name="test_voice_status" time="0.110" /><testcase classname="tests.test_iteration2" name="test_voice_place_call_503" time="0.124" /><testcase classname="tests.test_iteration2" name="test_voice_webhook_unknown_call_id" time="0.103" /><testcase classname="tests.test_iteration2" name="test_voice_webhook_no_call_id" time="0.098" /><testcase classname="tests.test_iteration2" name="test_voice_webhook_full_flow_via_sqlite" time="0.431" /><testcase classname="tests.test_iteration2" name="test_whatsapp_verify_handshake_ok" time="0.097" /><testcase classname="tests.test_iteration2" name="test_whatsapp_verify_handshake_wrong_token" time="0.142" /><testcase classname="tests.test_iteration2" name="test_whatsapp_webhook_is_public_no_auth" time="0.147" /><testcase classname="tests.test_iteration2" name="test_whatsapp_webhook_inbound_creates_lead" time="0.314" /><testcase classname="tests.test_iteration2" name="test_whatsapp_send_external_local_fallback" time="0.195" /><testcase classname="tests.test_iteration2" name="test_whatsapp_send_external_requires_auth" time="0.139" /></testsuite></testsuites>