<?xml version="1.0" encoding="utf-8"?><testsuites name="pytest tests"><testsuite name="pytest" errors="0" failures="1" skipped="1" tests="78" time="45.567" timestamp="2026-06-12T01:53:58.220834+00:00" hostname="agent-env-897220b0-93e2-4d84-9a2e-7c8e48c986d9"><testcase classname="tests.test_campaigns" name="test_auth_login_payload" time="0.377" /><testcase classname="tests.test_campaigns" name="test_auth_me" time="0.427" /><testcase classname="tests.test_campaigns" name="test_dashboard_stats" time="0.109" /><testcase classname="tests.test_campaigns" name="test_regression_lists[/leads]" time="0.107" /><testcase classname="tests.test_campaigns" name="test_regression_lists[/tasks]" time="0.101" /><testcase classname="tests.test_campaigns" name="test_regression_lists[/calls]" time="0.107" /><testcase classname="tests.test_campaigns" name="test_regression_lists[/whatsapp/conversations]" time="0.103" /><testcase classname="tests.test_campaigns" name="test_regression_lists[/products]" time="0.099" /><testcase classname="tests.test_campaigns" name="test_regression_lists[/appointments]" time="0.092" /><testcase classname="tests.test_campaigns" name="test_regression_lists[/quotations]" time="0.107" /><testcase classname="tests.test_campaigns" name="test_regression_lists[/ai-logs]" time="0.104" /><testcase classname="tests.test_campaigns" name="test_regression_lists[/users]" time="0.106" /><testcase classname="tests.test_campaigns" name="test_settings_calling_get" time="0.107" /><testcase classname="tests.test_campaigns" name="test_settings_calling_put_24x7" time="0.097" /><testcase classname="tests.test_campaigns" name="test_settings_provider" time="0.125" /><testcase classname="tests.test_campaigns" name="test_campaign_preview" time="0.097" /><testcase classname="tests.test_campaigns" name="test_campaign_list_contains" time="0.239" /><testcase classname="tests.test_campaigns" name="test_campaign_get" time="0.107" /><testcase classname="tests.test_campaigns" name="test_campaign_patch" time="0.112" /><testcase classname="tests.test_campaigns" name="test_campaign_csv_upload" time="0.107" /><testcase classname="tests.test_campaigns" name="test_campaign_launch_pause_resume" time="0.352" /><testcase classname="tests.test_campaigns" name="test_campaign_tick_resolves_targets" time="0.259" /><testcase classname="tests.test_campaigns" name="test_campaign_targets_list_after_tick" time="0.105" /><testcase classname="tests.test_campaigns" name="test_campaign_analytics_shape" time="0.126" /><testcase classname="tests.test_campaigns" name="test_automations_lead_status_and_task" time="0.317" /><testcase classname="tests.test_campaigns" name="test_legacy_calls_includes_campaign" time="0.107" /><testcase classname="tests.test_campaigns" name="test_sales_cannot_create_campaign" time="0.420" /><testcase classname="tests.test_campaigns" name="test_sales_cannot_update_settings" time="0.104" /><testcase classname="tests.test_campaigns" name="test_sales_cannot_tick" time="0.192" /><testcase classname="tests.test_campaigns" name="test_launch_with_zero_pending_400" time="0.345" /><testcase classname="tests.test_campaigns" name="test_cancel_existing_campaign" time="0.113"><skipped type="pytest.skip" message="no cancel target">/app/backend/tests/test_campaigns.py:366: no cancel target</skipped></testcase><testcase classname="tests.test_facets_crm" name="test_health" time="0.271" /><testcase classname="tests.test_facets_crm" name="test_login_wrong_password" time="0.399" /><testcase classname="tests.test_facets_crm" name="test_login_admin" time="0.363" /><testcase classname="tests.test_facets_crm" name="test_auth_me" time="0.096" /><testcase classname="tests.test_facets_crm" name="test_refresh_token" time="0.131" /><testcase classname="tests.test_facets_crm" name="test_leads_pagination" time="0.141" /><testcase classname="tests.test_facets_crm" name="test_leads_filter_status" time="0.134" /><testcase classname="tests.test_facets_crm" name="test_leads_filter_source" time="0.135" /><testcase classname="tests.test_facets_crm" name="test_lead_create_get_update" time="0.515" /><testcase classname="tests.test_facets_crm" name="test_sales_cannot_delete_lead" time="0.423" /><testcase classname="tests.test_facets_crm" name="test_admin_can_delete_lead" time="0.217" /><testcase classname="tests.test_facets_crm" name="test_activities_list_and_create" time="0.208" /><testcase classname="tests.test_facets_crm" name="test_tasks_crud" time="0.603" /><testcase classname="tests.test_facets_crm" name="test_calls_crud_and_filter" time="0.386" /><testcase classname="tests.test_facets_crm" name="test_whatsapp_conversations" time="0.105" /><testcase classname="tests.test_facets_crm" name="test_whatsapp_thread_and_send" time="0.306" /><testcase classname="tests.test_facets_crm" name="test_products_list_and_filter" time="0.209" /><testcase classname="tests.test_facets_crm" name="test_products_sales_forbidden" time="0.097" /><testcase classname="tests.test_facets_crm" name="test_products_admin_create" time="0.104" /><testcase classname="tests.test_facets_crm" name="test_appointments_crud" time="0.424" /><testcase classname="tests.test_facets_crm" name="test_quotations_create_auto_number" time="10.314" /><testcase classname="tests.test_facets_crm" name="test_ai_logs" time="20.293" /><testcase classname="tests.test_facets_crm" name="test_notifications_list_and_mark_read" time="0.266" /><testcase classname="tests.test_facets_crm" name="test_users_list_any_role" time="0.113" /><testcase classname="tests.test_facets_crm" name="test_users_create_admin_only" time="0.428" /><testcase classname="tests.test_facets_crm" name="test_dashboard_stats" time="0.099" /><testcase classname="tests.test_iteration2" name="test_regression_health" time="0.093" /><testcase classname="tests.test_iteration2" name="test_regression_leads_shape" time="0.420" /><testcase classname="tests.test_iteration2" name="test_regression_whatsapp_conversations" time="0.107" /><testcase classname="tests.test_iteration2" name="test_regression_whatsapp_thread_route_still_works" time="0.128" /><testcase classname="tests.test_iteration2" name="test_regression_dashboard" time="0.105" /><testcase classname="tests.test_iteration2" name="test_calls_schema_has_new_fields" time="0.110" /><testcase classname="tests.test_iteration2" name="test_ai_status_all_false_initially" time="0.101" /><testcase classname="tests.test_iteration2" name="test_ai_whatsapp_reply_503" time="0.139" /><testcase classname="tests.test_iteration2" name="test_ai_call_insights_503" time="0.228" /><testcase classname="tests.test_iteration2" name="test_ai_call_script_503" time="0.129" /><testcase classname="tests.test_iteration2" name="test_voice_status" time="0.114" /><testcase classname="tests.test_iteration2" name="test_voice_place_call_503" time="0.136" /><testcase classname="tests.test_iteration2" name="test_voice_webhook_unknown_call_id" time="0.101" /><testcase classname="tests.test_iteration2" name="test_voice_webhook_no_call_id" time="0.107" /><testcase classname="tests.test_iteration2" name="test_voice_webhook_full_flow_via_sqlite" time="0.219"><failure message="AssertionError: assert ('unknown call' is None or 'ignored' not in {'ignored': 'unknown call', 'ok': True})&#10; +  where 'unknown call' = &lt;built-in method get of dict object at 0xfa9d11c001c0&gt;('ignored')&#10; +    where &lt;built-in method get of dict object at 0xfa9d11c001c0&gt; = {'ignored': 'unknown call', 'ok': True}.get&#10; +      where {'ignored': 'unknown call', 'ok': True} = json()&#10; +        where json = &lt;Response [200]&gt;.json&#10; +  and   {'ignored': 'unknown call', 'ok': True} = json()&#10; +    where json = &lt;Response [200]&gt;.json">tests/test_iteration2.py:177: in test_voice_webhook_full_flow_via_sqlite
    assert r.json().get("ignored") is None or "ignored" not in r.json()
E   AssertionError: assert ('unknown call' is None or 'ignored' not in {'ignored': 'unknown call', 'ok': True})
E    +  where 'unknown call' = &lt;built-in method get of dict object at 0xfa9d11c001c0&gt;('ignored')
E    +    where &lt;built-in method get of dict object at 0xfa9d11c001c0&gt; = {'ignored': 'unknown call', 'ok': True}.get
E    +      where {'ignored': 'unknown call', 'ok': True} = json()
E    +        where json = &lt;Response [200]&gt;.json
E    +  and   {'ignored': 'unknown call', 'ok': True} = json()
E    +    where json = &lt;Response [200]&gt;.json</failure></testcase><testcase classname="tests.test_iteration2" name="test_whatsapp_verify_handshake_ok" time="0.114" /><testcase classname="tests.test_iteration2" name="test_whatsapp_verify_handshake_wrong_token" time="0.101" /><testcase classname="tests.test_iteration2" name="test_whatsapp_webhook_is_public_no_auth" time="0.101" /><testcase classname="tests.test_iteration2" name="test_whatsapp_webhook_inbound_creates_lead" time="0.342" /><testcase classname="tests.test_iteration2" name="test_whatsapp_send_external_local_fallback" time="0.213" /><testcase classname="tests.test_iteration2" name="test_whatsapp_send_external_requires_auth" time="0.227" /></testsuite></testsuites>