<?xml version="1.0" encoding="utf-8"?><testsuites name="pytest tests"><testsuite name="pytest" errors="0" failures="1" skipped="0" tests="47" time="72.311" timestamp="2026-06-12T01:17:53.095216+00:00" hostname="agent-env-468c274e-556e-488e-9210-714e695ab57c"><testcase classname="tests.test_facets_crm" name="test_health" time="0.176" /><testcase classname="tests.test_facets_crm" name="test_login_wrong_password" time="0.328" /><testcase classname="tests.test_facets_crm" name="test_login_admin" time="0.361" /><testcase classname="tests.test_facets_crm" name="test_auth_me" time="0.125" /><testcase classname="tests.test_facets_crm" name="test_refresh_token" time="0.105" /><testcase classname="tests.test_facets_crm" name="test_leads_pagination" time="0.101" /><testcase classname="tests.test_facets_crm" name="test_leads_filter_status" time="0.102" /><testcase classname="tests.test_facets_crm" name="test_leads_filter_source" time="0.104" /><testcase classname="tests.test_facets_crm" name="test_lead_create_get_update" time="0.389" /><testcase classname="tests.test_facets_crm" name="test_sales_cannot_delete_lead" time="0.424" /><testcase classname="tests.test_facets_crm" name="test_admin_can_delete_lead" time="0.211" /><testcase classname="tests.test_facets_crm" name="test_activities_list_and_create" time="0.200" /><testcase classname="tests.test_facets_crm" name="test_tasks_crud" time="0.531" /><testcase classname="tests.test_facets_crm" name="test_calls_crud_and_filter" time="0.395" /><testcase classname="tests.test_facets_crm" name="test_whatsapp_conversations" time="0.108" /><testcase classname="tests.test_facets_crm" name="test_whatsapp_thread_and_send" time="0.366" /><testcase classname="tests.test_facets_crm" name="test_products_list_and_filter" time="0.211" /><testcase classname="tests.test_facets_crm" name="test_products_sales_forbidden" time="0.095" /><testcase classname="tests.test_facets_crm" name="test_products_admin_create" time="0.110" /><testcase classname="tests.test_facets_crm" name="test_appointments_crud" time="0.406" /><testcase classname="tests.test_facets_crm" name="test_quotations_create_auto_number" time="0.342" /><testcase classname="tests.test_facets_crm" name="test_ai_logs" time="0.195" /><testcase classname="tests.test_facets_crm" name="test_notifications_list_and_mark_read" time="0.208" /><testcase classname="tests.test_facets_crm" name="test_users_list_any_role" time="0.100" /><testcase classname="tests.test_facets_crm" name="test_users_create_admin_only" time="0.416" /><testcase classname="tests.test_facets_crm" name="test_dashboard_stats" time="30.022"><failure message="requests.exceptions.ConnectTimeout: HTTPSConnectionPool(host='facets-crm-mvp.preview.emergentagent.com', port=443): Max retries exceeded with url: /api/dashboard/stats (Caused by ConnectTimeoutError(&lt;HTTPSConnection(host='facets-crm-mvp.preview.emergentagent.com', port=443) at 0xfa5419937150&gt;, 'Connection to facets-crm-mvp.preview.emergentagent.com timed out. (connect timeout=15)'))">E   TimeoutError: timed out

The above exception was the direct cause of the following exception:
E   urllib3.exceptions.ConnectTimeoutError: (&lt;HTTPSConnection(host='facets-crm-mvp.preview.emergentagent.com', port=443) at 0xfa5419937150&gt;, 'Connection to facets-crm-mvp.preview.emergentagent.com timed out. (connect timeout=15)')

The above exception was the direct cause of the following exception:
E   urllib3.exceptions.MaxRetryError: HTTPSConnectionPool(host='facets-crm-mvp.preview.emergentagent.com', port=443): Max retries exceeded with url: /api/dashboard/stats (Caused by ConnectTimeoutError(&lt;HTTPSConnection(host='facets-crm-mvp.preview.emergentagent.com', port=443) at 0xfa5419937150&gt;, 'Connection to facets-crm-mvp.preview.emergentagent.com timed out. (connect timeout=15)'))

During handling of the above exception, another exception occurred:
E   requests.exceptions.ConnectTimeout: HTTPSConnectionPool(host='facets-crm-mvp.preview.emergentagent.com', port=443): Max retries exceeded with url: /api/dashboard/stats (Caused by ConnectTimeoutError(&lt;HTTPSConnection(host='facets-crm-mvp.preview.emergentagent.com', port=443) at 0xfa5419937150&gt;, 'Connection to facets-crm-mvp.preview.emergentagent.com timed out. (connect timeout=15)'))</failure></testcase><testcase classname="tests.test_iteration2" name="test_regression_health" time="7.469" /><testcase classname="tests.test_iteration2" name="test_regression_leads_shape" time="0.466" /><testcase classname="tests.test_iteration2" name="test_regression_whatsapp_conversations" time="0.110" /><testcase classname="tests.test_iteration2" name="test_regression_whatsapp_thread_route_still_works" time="1.130" /><testcase classname="tests.test_iteration2" name="test_regression_dashboard" time="1.162" /><testcase classname="tests.test_iteration2" name="test_calls_schema_has_new_fields" time="0.099" /><testcase classname="tests.test_iteration2" name="test_ai_status_all_false_initially" time="0.100" /><testcase classname="tests.test_iteration2" name="test_ai_whatsapp_reply_503" time="0.140" /><testcase classname="tests.test_iteration2" name="test_ai_call_insights_503" time="10.273" /><testcase classname="tests.test_iteration2" name="test_ai_call_script_503" time="0.127" /><testcase classname="tests.test_iteration2" name="test_voice_status" time="3.193" /><testcase classname="tests.test_iteration2" name="test_voice_place_call_503" time="0.121" /><testcase classname="tests.test_iteration2" name="test_voice_webhook_unknown_call_id" time="0.098" /><testcase classname="tests.test_iteration2" name="test_voice_webhook_no_call_id" time="0.095" /><testcase classname="tests.test_iteration2" name="test_voice_webhook_full_flow_via_sqlite" time="10.546" /><testcase classname="tests.test_iteration2" name="test_whatsapp_verify_handshake_ok" time="0.099" /><testcase classname="tests.test_iteration2" name="test_whatsapp_verify_handshake_wrong_token" time="0.101" /><testcase classname="tests.test_iteration2" name="test_whatsapp_webhook_is_public_no_auth" time="0.103" /><testcase classname="tests.test_iteration2" name="test_whatsapp_webhook_inbound_creates_lead" time="0.310" /><testcase classname="tests.test_iteration2" name="test_whatsapp_send_external_local_fallback" time="0.225" /><testcase classname="tests.test_iteration2" name="test_whatsapp_send_external_requires_auth" time="0.096" /></testsuite></testsuites>